[     113ms] [LOG] [Fast Refresh] rebuilding @ http://localhost:3000/_next/static/chunks/0qvh_next_dist_136b7it._.js:2431
[     118ms] [LOG] [Fast Refresh] done in 117ms @ http://localhost:3000/_next/static/chunks/0qvh_next_dist_136b7it._.js:2431
[     190ms] [INFO] %cDownload the React DevTools for a better development experience: https://react.dev/link/react-devtools font-weight:bold @ http://localhost:3000/_next/static/chunks/0qvh_next_dist_136b7it._.js:2431
[     206ms] [LOG] [HMR] connected @ http://localhost:3000/_next/static/chunks/0qvh_next_dist_136b7it._.js:2431
[  536561ms] [LOG] [Fast Refresh] rebuilding @ http://localhost:3000/_next/static/chunks/0qvh_next_dist_136b7it._.js:2431
[  536715ms] [LOG] [Fast Refresh] done in 80ms @ http://localhost:3000/_next/static/chunks/0qvh_next_dist_136b7it._.js:2431
[  543672ms] [LOG] [Fast Refresh] rebuilding @ http://localhost:3000/_next/static/chunks/0qvh_next_dist_136b7it._.js:2431
[  543827ms] [LOG] [Fast Refresh] done in 70ms @ http://localhost:3000/_next/static/chunks/0qvh_next_dist_136b7it._.js:2431
[  563733ms] [LOG] [Fast Refresh] rebuilding @ http://localhost:3000/_next/static/chunks/0qvh_next_dist_136b7it._.js:2431
[  563872ms] [LOG] [Fast Refresh] done in 47ms @ http://localhost:3000/_next/static/chunks/0qvh_next_dist_136b7it._.js:2431
[  582058ms] [LOG] [Fast Refresh] rebuilding @ http://localhost:3000/_next/static/chunks/0qvh_next_dist_136b7it._.js:2431
[  582180ms] [LOG] [Fast Refresh] done in 72ms @ http://localhost:3000/_next/static/chunks/0qvh_next_dist_136b7it._.js:2431
[  591906ms] [LOG] [Fast Refresh] rebuilding @ http://localhost:3000/_next/static/chunks/0qvh_next_dist_136b7it._.js:2431
[  592056ms] [LOG] [Fast Refresh] done in 17ms @ http://localhost:3000/_next/static/chunks/0qvh_next_dist_136b7it._.js:2431
[  593450ms] [LOG] [Fast Refresh] rebuilding @ http://localhost:3000/_next/static/chunks/0qvh_next_dist_136b7it._.js:2431
[  593579ms] [LOG] [Fast Refresh] done in 72ms @ http://localhost:3000/_next/static/chunks/0qvh_next_dist_136b7it._.js:2431
[  600180ms] [LOG] [Fast Refresh] rebuilding @ http://localhost:3000/_next/static/chunks/0qvh_next_dist_136b7it._.js:2431
[  600303ms] [LOG] [Fast Refresh] done in 79ms @ http://localhost:3000/_next/static/chunks/0qvh_next_dist_136b7it._.js:2431
[  606659ms] [LOG] [Fast Refresh] rebuilding @ http://localhost:3000/_next/static/chunks/0qvh_next_dist_136b7it._.js:2431
[  606797ms] [LOG] [Fast Refresh] done in 39ms @ http://localhost:3000/_next/static/chunks/0qvh_next_dist_136b7it._.js:2431
[  609651ms] [LOG] [Fast Refresh] rebuilding @ http://localhost:3000/_next/static/chunks/0qvh_next_dist_136b7it._.js:2431
[  609777ms] [LOG] [Fast Refresh] done in 45ms @ http://localhost:3000/_next/static/chunks/0qvh_next_dist_136b7it._.js:2431
[  625832ms] [LOG] [Fast Refresh] rebuilding @ http://localhost:3000/_next/static/chunks/0qvh_next_dist_136b7it._.js:2431
[  625951ms] [LOG] [Fast Refresh] done in 67ms @ http://localhost:3000/_next/static/chunks/0qvh_next_dist_136b7it._.js:2431
[  636305ms] [LOG] [Fast Refresh] rebuilding @ http://localhost:3000/_next/static/chunks/0qvh_next_dist_136b7it._.js:2431
[  636316ms] [LOG] [Fast Refresh] done in 43ms @ http://localhost:3000/_next/static/chunks/0qvh_next_dist_136b7it._.js:2431
[  636427ms] [LOG] [Fast Refresh] rebuilding @ http://localhost:3000/_next/static/chunks/0qvh_next_dist_136b7it._.js:2431
[  636464ms] [LOG] [Fast Refresh] done in 148ms @ http://localhost:3000/_next/static/chunks/0qvh_next_dist_136b7it._.js:2431
[  647216ms] [LOG] [Fast Refresh] rebuilding @ http://localhost:3000/_next/static/chunks/0qvh_next_dist_136b7it._.js:2431
[  647404ms] [LOG] [Fast Refresh] done in 51ms @ http://localhost:3000/_next/static/chunks/0qvh_next_dist_136b7it._.js:2431
[  658818ms] [LOG] [Fast Refresh] rebuilding @ http://localhost:3000/_next/static/chunks/0qvh_next_dist_136b7it._.js:2431
[  658996ms] [LOG] [Fast Refresh] done in 33ms @ http://localhost:3000/_next/static/chunks/0qvh_next_dist_136b7it._.js:2431
[  663000ms] [LOG] [Fast Refresh] rebuilding @ http://localhost:3000/_next/static/chunks/0qvh_next_dist_136b7it._.js:2431
[  663001ms] [LOG] [Fast Refresh] done in 114ms @ http://localhost:3000/_next/static/chunks/0qvh_next_dist_136b7it._.js:2431
[  667548ms] [LOG] [Fast Refresh] rebuilding @ http://localhost:3000/_next/static/chunks/0qvh_next_dist_136b7it._.js:2431
[  667720ms] [LOG] [Fast Refresh] done in 34ms @ http://localhost:3000/_next/static/chunks/0qvh_next_dist_136b7it._.js:2431
[  683909ms] [LOG] [Fast Refresh] rebuilding @ http://localhost:3000/_next/static/chunks/0qvh_next_dist_136b7it._.js:2431
[  684100ms] [LOG] [Fast Refresh] done in 45ms @ http://localhost:3000/_next/static/chunks/0qvh_next_dist_136b7it._.js:2431
[  698966ms] [LOG] [Fast Refresh] rebuilding @ http://localhost:3000/_next/static/chunks/0qvh_next_dist_136b7it._.js:2431
[  699051ms] [LOG] [Fast Refresh] done in 196ms @ http://localhost:3000/_next/static/chunks/0qvh_next_dist_136b7it._.js:2431
[  734950ms] [LOG] [Fast Refresh] rebuilding @ http://localhost:3000/_next/static/chunks/0qvh_next_dist_136b7it._.js:2431
[  734951ms] [LOG] [Fast Refresh] done in 104ms @ http://localhost:3000/_next/static/chunks/0qvh_next_dist_136b7it._.js:2431
[  762301ms] [LOG] [Fast Refresh] rebuilding @ http://localhost:3000/_next/static/chunks/0qvh_next_dist_136b7it._.js:2431
[  762332ms] [LOG] [Fast Refresh] done in 135ms @ http://localhost:3000/_next/static/chunks/0qvh_next_dist_136b7it._.js:2431
[  800755ms] [LOG] [Fast Refresh] rebuilding @ http://localhost:3000/_next/static/chunks/0qvh_next_dist_136b7it._.js:2431
[  800756ms] [LOG] [Fast Refresh] done in 102ms @ http://localhost:3000/_next/static/chunks/0qvh_next_dist_136b7it._.js:2431
[  802956ms] [LOG] [Fast Refresh] rebuilding @ http://localhost:3000/_next/static/chunks/0qvh_next_dist_136b7it._.js:2431
[  803248ms] [LOG] [Fast Refresh] done in 403ms @ http://localhost:3000/_next/static/chunks/0qvh_next_dist_136b7it._.js:2431
[  865288ms] [LOG] [Fast Refresh] rebuilding @ http://localhost:3000/_next/static/chunks/0qvh_next_dist_136b7it._.js:2431
[  865422ms] [LOG] [Fast Refresh] done in 66ms @ http://localhost:3000/_next/static/chunks/0qvh_next_dist_136b7it._.js:2431
[  889298ms] [LOG] [Fast Refresh] rebuilding @ http://localhost:3000/_next/static/chunks/0qvh_next_dist_136b7it._.js:2431
[  889299ms] [LOG] [Fast Refresh] done in 103ms @ http://localhost:3000/_next/static/chunks/0qvh_next_dist_136b7it._.js:2431
[  889682ms] [LOG] [Fast Refresh] rebuilding @ http://localhost:3000/_next/static/chunks/0qvh_next_dist_136b7it._.js:2431
[  889823ms] [LOG] [Fast Refresh] done in 41ms @ http://localhost:3000/_next/static/chunks/0qvh_next_dist_136b7it._.js:2431
